Running Sphinx v1.0.7
Running XMOS Documentation setup:xlatex
Using XMOS Styled LaTeX
loading pickled environment... not yet created
building [xlatex]: all documents
updating environment: 6 added, 0 changed, 0 removed
reading sources... [ 16%] api
reading sources... [ 33%] examples
reading sources... [ 50%] hw
reading sources... [ 66%] index
reading sources... [ 83%] overview
reading sources... [100%] programming

D:\Sudha\Git\sw_display_controller\module_display_controller\doc\programming.rst:51: (WARNING/2) Definition list ends without a blank line; unexpected unindent.

looking for now-outdated files... none found
pickling environment... done
checking consistency... done
processing index.tex... index overview hw api programming examples 
resolving references...
Adding scope descriptions
writing... done
copying TeX support files... done
build succeeded, 1 warning.
