\BOOKMARK [0][-]{chapter.1}{Overview}{}% 1
\BOOKMARK [1][-]{section.1.1}{Features}{chapter.1}% 2
\BOOKMARK [1][-]{section.1.2}{Memory requirements}{chapter.1}% 3
\BOOKMARK [1][-]{section.1.3}{Resource requirements}{chapter.1}% 4
\BOOKMARK [1][-]{section.1.4}{Performance}{chapter.1}% 5
\BOOKMARK [0][-]{chapter.2}{Hardware Requirements}{}% 6
\BOOKMARK [1][-]{section.2.1}{Recommended Hardware}{chapter.2}% 7
\BOOKMARK [2][-]{subsection.2.1.1}{Slicekit}{section.2.1}% 8
\BOOKMARK [1][-]{section.2.2}{Demonstration Applications}{chapter.2}% 9
\BOOKMARK [2][-]{subsection.2.2.1}{Display Controller Application}{section.2.2}% 10
\BOOKMARK [0][-]{chapter.3}{API}{}% 11
\BOOKMARK [1][-]{section.3.1}{Configuration Defines}{chapter.3}% 12
\BOOKMARK [1][-]{section.3.2}{API}{chapter.3}% 13
\BOOKMARK [0][-]{chapter.4}{Programming Guide}{}% 14
\BOOKMARK [1][-]{section.4.1}{Shared Memory Interface}{chapter.4}% 15
\BOOKMARK [1][-]{section.4.2}{Source code structure}{chapter.4}% 16
\BOOKMARK [1][-]{section.4.3}{Executing The Project}{chapter.4}% 17
\BOOKMARK [1][-]{section.4.4}{Software Requirements}{chapter.4}% 18
\BOOKMARK [0][-]{chapter.5}{Example Applications}{}% 19
\BOOKMARK [1][-]{section.5.1}{app\137display\137controller\137demo}{chapter.5}% 20
\BOOKMARK [1][-]{section.5.2}{Application Notes}{chapter.5}% 21
\BOOKMARK [2][-]{subsection.5.2.1}{Getting Started}{section.5.2}% 22
